INFO - 2023-12-02 13:20:45,572 - РњРёС…Р°РёР» has started messaging
INFO - 2023-12-02 13:44:42,841 - РњРёС…Р°РёР»(477598373) has started messaging
INFO - 2023-12-02 13:44:42,841 - РњРёС…Р°РёР»(477598373) has started messaging
INFO - 2023-12-02 13:46:37,798 - Telebot started
INFO - 2023-12-02 13:46:44,994 - РњРёС…Р°РёР»(477598373) has started messaging
INFO - 2023-12-02 13:50:16 - Telebot started
02-12-2023 13:51:40 - INFO - Telebot started
INFO - 02-12-2023 20:14:26 - Telebot started
INFO - 02-12-2023 20:14:36 - Саня ask for timesheet
WARNING - 02-12-2023 20:14:38 - bot answered to Саня
INFO - 02-12-2023 20:14:39 - Саня from 10th grade
WARNING - 02-12-2023 20:14:41 - bot answered to Саня
INFO - 02-12-2023 20:14:42 - Саня from 10А grade
WARNING - 02-12-2023 20:14:45 - bot answered to Саня
INFO - 14-12-2023 18:52:14 - Telebot started
INFO - 14-12-2023 18:52:15 - Саня ask for timesheet
WARNING - 14-12-2023 18:52:19 - bot answered to Саня
INFO - 14-12-2023 18:52:20 - Саня from 10th grade
WARNING - 14-12-2023 18:52:22 - bot answered to Саня
INFO - 14-12-2023 18:52:23 - Саня from 10А grade
WARNING - 14-12-2023 18:52:29 - bot answered to Саня
WARNING - 14-12-2023 18:52:39 - bot answered to Саня
WARNING - 14-12-2023 18:52:46 - bot answered to Саня
WARNING - 14-12-2023 18:53:36 - bot answered to Саня
