INFO - 2023-12-02 13:20:45,572 - ГђЕ“ГђВёГ‘вЂ¦ГђВ°ГђВёГђВ» has started messaging
INFO - 2023-12-02 13:44:42,841 - ГђЕ“ГђВёГ‘вЂ¦ГђВ°ГђВёГђВ»(477598373) has started messaging
INFO - 2023-12-02 13:44:42,841 - ГђЕ“ГђВёГ‘вЂ¦ГђВ°ГђВёГђВ»(477598373) has started messaging
INFO - 2023-12-02 13:46:37,798 - Telebot started
INFO - 2023-12-02 13:46:44,994 - ГђЕ“ГђВёГ‘вЂ¦ГђВ°ГђВёГђВ»(477598373) has started messaging
INFO - 2023-12-02 13:50:16 - Telebot started
02-12-2023 13:51:40 - INFO - Telebot started
INFO - 02-12-2023 20:14:26 - Telebot started
INFO - 02-12-2023 20:14:36 - Г‘Г Г­Гї ask for timesheet
WARNING - 02-12-2023 20:14:38 - bot answered to Г‘Г Г­Гї
INFO - 02-12-2023 20:14:39 - Г‘Г Г­Гї from 10th grade
WARNING - 02-12-2023 20:14:41 - bot answered to Г‘Г Г­Гї
INFO - 02-12-2023 20:14:42 - Г‘Г Г­Гї from 10ГЂ grade
WARNING - 02-12-2023 20:14:45 - bot answered to Г‘Г Г­Гї
INFO - 14-12-2023 18:52:14 - Telebot started
INFO - 14-12-2023 18:52:15 - Г‘Г Г­Гї ask for timesheet
WARNING - 14-12-2023 18:52:19 - bot answered to Г‘Г Г­Гї
INFO - 14-12-2023 18:52:20 - Г‘Г Г­Гї from 10th grade
WARNING - 14-12-2023 18:52:22 - bot answered to Г‘Г Г­Гї
INFO - 14-12-2023 18:52:23 - Г‘Г Г­Гї from 10ГЂ grade
WARNING - 14-12-2023 18:52:29 - bot answered to Г‘Г Г­Гї
WARNING - 14-12-2023 18:52:39 - bot answered to Г‘Г Г­Гї
WARNING - 14-12-2023 18:52:46 - bot answered to Г‘Г Г­Гї
WARNING - 14-12-2023 18:53:36 - bot answered to Г‘Г Г­Гї

INFO - 29-01-2024 22:09:50 - Telebot started
INFO - 29-01-2024 22:11:17 - Саня ask for timesheet
WARNING - 29-01-2024 22:11:19 - bot answered to Саня
INFO - 29-01-2024 22:11:20 - Саня from 10th grade
WARNING - 29-01-2024 22:11:22 - bot answered to Саня
INFO - 29-01-2024 22:11:24 - Саня from 10А grade
WARNING - 29-01-2024 22:11:27 - bot answered to Саня
CRITICAL - 29-01-2024 22:11:30 - Саня crahed the programm by 'function' object is not subscriptable
CRITICAL - 29-01-2024 22:11:30 - Саня crahed the programm
CRITICAL - 29-01-2024 22:11:30 - 'function' object is not subscriptable
INFO - 29-01-2024 22:22:24 - Telebot started
INFO - 29-01-2024 22:22:47 - Саня ask for timesheet
WARNING - 29-01-2024 22:22:49 - bot answered to Саня
INFO - 29-01-2024 22:22:50 - Саня from 10th grade
WARNING - 29-01-2024 22:22:52 - bot answered to Саня
INFO - 29-01-2024 22:22:53 - Саня from 10А grade
WARNING - 29-01-2024 22:22:56 - bot answered to Саня
CRITICAL - 29-01-2024 22:22:59 - Саня crahed the programm by 'function' object is not subscriptable
CRITICAL - 29-01-2024 22:22:59 - Саня crahed the programm
CRITICAL - 29-01-2024 22:22:59 - 'function' object is not subscriptable
INFO - 29-01-2024 22:25:02 - Telebot started
INFO - 29-01-2024 22:25:10 - Саня ask for timesheet
WARNING - 29-01-2024 22:25:12 - bot answered to Саня
INFO - 29-01-2024 22:25:13 - Саня from 10th grade
WARNING - 29-01-2024 22:25:16 - bot answered to Саня
INFO - 29-01-2024 22:25:17 - Саня from 10А grade
WARNING - 29-01-2024 22:25:19 - bot answered to Саня
CRITICAL - 29-01-2024 22:25:23 - Саня crahed the programm by 'function' object is not subscriptable
CRITICAL - 29-01-2024 22:25:23 - Саня crahed the programm
CRITICAL - 29-01-2024 22:25:23 - 'function' object is not subscriptable
INFO - 29-01-2024 22:30:19 - Telebot started
INFO - 29-01-2024 22:30:21 - Саня ask for timesheet
WARNING - 29-01-2024 22:30:46 - bot answered to Саня
INFO - 29-01-2024 22:30:47 - Саня from 10th grade
WARNING - 29-01-2024 22:30:49 - bot answered to Саня
INFO - 29-01-2024 22:30:50 - Саня from 10А grade
WARNING - 29-01-2024 22:30:53 - bot answered to Саня
INFO - 02-02-2024 17:45:11 - Telebot started
INFO - 02-02-2024 17:51:12 - Саня ask for timesheet
WARNING - 02-02-2024 17:51:14 - bot answered to Саня
INFO - 02-02-2024 17:51:15 - Саня from 10th grade
INFO - 02-02-2024 18:01:23 - Telebot started
INFO - 02-02-2024 18:02:07 - Саня ask for timesheet
WARNING - 02-02-2024 18:02:10 - bot answered to Саня
INFO - 02-02-2024 18:02:11 - Саня from 10th grade
WARNING - 02-02-2024 18:02:12 - bot answered to Саня
INFO - 02-02-2024 18:02:14 - Саня from 10А grade
WARNING - 02-02-2024 18:02:18 - bot answered to Саня
INFO - 02-02-2024 19:20:45 - Софик ask for timesheet
WARNING - 02-02-2024 19:20:49 - bot answered to Софик
INFO - 02-02-2024 19:20:50 - Софик from 9th grade
WARNING - 02-02-2024 19:20:53 - bot answered to Софик
INFO - 02-02-2024 19:20:55 - Софик from 9А grade
WARNING - 02-02-2024 19:20:59 - bot answered to Софик
CRITICAL - 02-02-2024 19:21:02 - Софик crahed the programm by '9А'
CRITICAL - 02-02-2024 19:21:02 - Софик crahed the programm
CRITICAL - 02-02-2024 19:21:02 - '9А'
INFO - 02-02-2024 19:25:11 - Telebot started
INFO - 02-02-2024 19:26:42 - Саня ask for timesheet
WARNING - 02-02-2024 19:26:44 - bot answered to Саня
INFO - 02-02-2024 19:26:45 - Саня from 10th grade
WARNING - 02-02-2024 19:26:47 - bot answered to Саня
INFO - 02-02-2024 19:26:49 - Саня from 10А grade
WARNING - 02-02-2024 19:26:50 - bot answered to Саня
INFO - 02-02-2024 19:28:49 - Telebot started
INFO - 02-02-2024 19:29:49 - Саня ask for timesheet
WARNING - 02-02-2024 19:29:51 - bot answered to Саня
INFO - 02-02-2024 19:29:52 - Саня from 10th grade
WARNING - 02-02-2024 19:29:54 - bot answered to Саня
INFO - 02-02-2024 19:29:55 - Саня from 10А grade
WARNING - 02-02-2024 19:29:57 - bot answered to Саня
INFO - 02-02-2024 19:31:25 - Саня ask for timesheet
WARNING - 02-02-2024 19:31:27 - bot answered to Саня
INFO - 02-02-2024 19:31:28 - Саня from 10th grade
WARNING - 02-02-2024 19:31:30 - bot answered to Саня
INFO - 02-02-2024 19:31:32 - Саня from 10А grade
WARNING - 02-02-2024 19:31:45 - bot answered to Саня
INFO - 10-02-2024 12:20:53 - Telebot started
INFO - 10-02-2024 12:22:27 - Саня ask for timesheet
WARNING - 10-02-2024 12:22:29 - bot answered to Саня
INFO - 10-02-2024 12:22:30 - Саня from 10th grade
WARNING - 10-02-2024 12:22:45 - bot answered to Саня
INFO - 10-02-2024 12:22:46 - Саня from 10А grade
WARNING - 10-02-2024 12:22:57 - bot answered to Саня
WARNING - 10-02-2024 12:23:01 - bot answered to Саня
INFO - 10-02-2024 12:23:02 - Саня want timesheet for Понедельник
INFO - 10-02-2024 12:23:26 - Саня ask for timesheet
WARNING - 10-02-2024 12:23:28 - bot answered to Саня
INFO - 10-02-2024 12:23:29 - Саня from 10th grade
WARNING - 10-02-2024 12:23:31 - bot answered to Саня
INFO - 10-02-2024 12:23:33 - Саня from 1011 grade
WARNING - 10-02-2024 12:23:42 - bot answered to Саня
WARNING - 10-02-2024 12:23:48 - bot answered to Саня
CRITICAL - 10-02-2024 12:23:51 - Саня crahed the programm by '1011'
INFO - 10-02-2024 12:24:09 - Саня ask for timesheet
WARNING - 10-02-2024 12:24:10 - bot answered to Саня
INFO - 10-02-2024 12:24:11 - Саня from 10th grade
WARNING - 10-02-2024 12:24:14 - bot answered to Саня
INFO - 10-02-2024 12:24:15 - Саня from 10А grade
WARNING - 10-02-2024 12:24:18 - bot answered to Саня
INFO - 10-02-2024 12:26:34 - Telebot started
INFO - 10-02-2024 12:26:42 - Саня ask for timesheet
WARNING - 10-02-2024 12:26:45 - bot answered to Саня
INFO - 10-02-2024 12:26:46 - Саня from 10th grade
WARNING - 10-02-2024 12:26:51 - bot answered to Саня
INFO - 10-02-2024 12:26:52 - Саня from 10А grade
WARNING - 10-02-2024 12:26:57 - bot answered to Саня
INFO - 10-02-2024 12:28:47 - Telebot started
INFO - 10-02-2024 12:29:00 - Саня ask for timesheet
WARNING - 10-02-2024 12:29:02 - bot answered to Саня
INFO - 10-02-2024 12:29:03 - Саня from 10th grade
WARNING - 10-02-2024 12:29:06 - bot answered to Саня
INFO - 10-02-2024 12:29:08 - Саня from 10А grade
WARNING - 10-02-2024 12:29:11 - bot answered to Саня
INFO - 10-02-2024 12:32:07 - Telebot started
INFO - 10-02-2024 12:32:17 - Саня needs help
INFO - 15-02-2024 18:58:50 - Telebot started
INFO - 15-02-2024 18:59:05 - Саня ask for timesheet
WARNING - 15-02-2024 18:59:07 - bot answered to Саня
INFO - 15-02-2024 18:59:08 - Саня from 10th grade
WARNING - 15-02-2024 18:59:11 - bot answered to Саня
INFO - 15-02-2024 18:59:12 - Саня from 10А grade
WARNING - 15-02-2024 18:59:16 - bot answered to Саня
WARNING - 15-02-2024 18:59:22 - bot answered to Саня
INFO - 15-02-2024 18:59:23 - Саня want timesheet for Среда
CRITICAL - 15-02-2024 18:59:24 - Саня crahed the programm by A request to the Telegram API was unsuccessful. Error code: 400. Description: Bad Request: message to delete not found
INFO - 15-02-2024 18:59:51 - Саня ask for timesheet
WARNING - 15-02-2024 18:59:52 - bot answered to Саня
INFO - 15-02-2024 18:59:53 - Саня from 10th grade
WARNING - 15-02-2024 18:59:55 - bot answered to Саня
INFO - 15-02-2024 18:59:57 - Саня from 10А grade
WARNING - 15-02-2024 19:00:01 - bot answered to Саня
WARNING - 15-02-2024 19:00:06 - bot answered to Саня
INFO - 15-02-2024 19:00:07 - Саня want timesheet for Среда
CRITICAL - 15-02-2024 19:00:08 - Саня crahed the programm by A request to the Telegram API was unsuccessful. Error code: 400. Description: Bad Request: message to delete not found
INFO - 15-02-2024 19:00:46 - Telebot started
INFO - 15-02-2024 19:02:19 - Саня ask for timesheet
WARNING - 15-02-2024 19:02:25 - bot answered to Саня
INFO - 15-02-2024 19:02:26 - Саня from 10th grade
WARNING - 15-02-2024 19:02:32 - bot answered to Саня
INFO - 15-02-2024 19:02:33 - Саня from 10А grade
WARNING - 15-02-2024 19:02:36 - bot answered to Саня
WARNING - 15-02-2024 19:02:40 - bot answered to Саня
INFO - 15-02-2024 19:02:41 - Саня want timesheet for Среда
CRITICAL - 15-02-2024 19:02:41 - Саня crahed the programm by A request to the Telegram API was unsuccessful. Error code: 400. Description: Bad Request: message to delete not found
INFO - 15-02-2024 19:04:11 - Telebot started
INFO - 15-02-2024 19:04:46 - Саня ask for timesheet
WARNING - 15-02-2024 19:04:48 - bot answered to Саня
INFO - 15-02-2024 19:04:49 - Саня from 10th grade
WARNING - 15-02-2024 19:04:53 - bot answered to Саня
INFO - 15-02-2024 19:04:54 - Саня from 10А grade
WARNING - 15-02-2024 19:04:56 - bot answered to Саня
WARNING - 15-02-2024 19:04:59 - bot answered to Саня
INFO - 15-02-2024 19:05:00 - Саня want timesheet for Среда
INFO - 18-02-2024 22:44:02 - Telebot started
INFO - 18-02-2024 22:44:18 - Саня ask for timesheet
WARNING - 18-02-2024 22:44:32 - bot answered to Саня
INFO - 18-02-2024 22:44:33 - Саня from 10th grade
WARNING - 18-02-2024 22:44:35 - bot answered to Саня
INFO - 18-02-2024 22:44:36 - Саня from 10А grade
WARNING - 18-02-2024 22:44:38 - bot answered to Саня
CRITICAL - 18-02-2024 22:44:40 - Саня crahed the programm by 'float' object has no attribute 'tm_wday'
INFO - 18-02-2024 22:46:02 - Telebot started
INFO - 18-02-2024 22:46:11 - Саня ask for timesheet
WARNING - 18-02-2024 22:46:20 - bot answered to Саня
INFO - 18-02-2024 22:46:21 - Саня from 10th grade
WARNING - 18-02-2024 22:46:23 - bot answered to Саня
INFO - 18-02-2024 22:46:25 - Саня from 10А grade
WARNING - 18-02-2024 22:46:29 - bot answered to Саня
INFO - 18-02-2024 22:52:48 - Telebot started
INFO - 18-02-2024 22:53:01 - Саня ask for timesheet
WARNING - 18-02-2024 22:53:03 - bot answered to Саня
INFO - 18-02-2024 22:53:04 - Саня from 10th grade
WARNING - 18-02-2024 22:53:06 - bot answered to Саня
INFO - 18-02-2024 22:53:07 - Саня from 10А grade
WARNING - 18-02-2024 22:53:09 - bot answered to Саня
